I181207 02:43:50.866973 1 util/log/clog.go:1134  [config] file created at: 2018/12/07 02:43:50
I181207 02:43:50.866973 1 util/log/clog.go:1134  [config] running on machine: IT69424
I181207 02:43:50.866973 1 util/log/clog.go:1134  [config] binary: CockroachDB CCL v2.0.6 (x86_64-w64-mingw32, built 2018/10/01 14:06:38, go1.10)
I181207 02:43:50.866973 1 util/log/clog.go:1134  [config] arguments: [cockroach.exe start --insecure --store=attrs=ssd,path=./DBStore/]
I181207 02:43:50.866973 1 util/log/clog.go:1134  line format: [IWEF]yymmdd hh:mm:ss.uuuuuu goid file:line msg utf8=✓
W181207 02:43:50.866972 1 cli/start.go:909  RUNNING IN INSECURE MODE!

- Your cluster is open for any client that can access <all your IP addresses>.
- Any user, even root, can log in without providing a password.
- Any user, connecting as root, can read or write any data in your cluster.
- There is no network encryption nor authentication, and thus no confidentiality.

Check out how to secure your cluster: https://www.cockroachlabs.com/docs/v2.0/secure-a-cluster.html
W181207 02:43:50.923361 1 cli/start.go:812  Using the default setting for --cache (128 MiB).
  A significantly larger value is usually needed for good performance.
  If you have a dedicated server a reasonable setting is --cache=.25 (3.9 GiB).
W181207 02:43:50.923407 1 cli/start.go:825  Using the default setting for --max-sql-memory (128 MiB).
  A significantly larger value is usually needed in production.
  If you have a dedicated server a reasonable setting is --max-sql-memory=.25 (3.9 GiB).
I181207 02:43:50.923416 1 cli/start.go:923  CockroachDB CCL v2.0.6 (x86_64-w64-mingw32, built 2018/10/01 14:06:38, go1.10)
I181207 02:43:51.028053 1 server/config.go:430  system total memory: 16 GiB
I181207 02:43:51.028106 1 server/config.go:432  server configuration:
max offset             500000000
cache size             128 MiB
SQL memory pool size   128 MiB
scan interval          10m0s
scan max idle time     200ms
event log enabled      true
I181207 02:43:51.028125 1 cli/start.go:796  process identity: uid -1 euid -1 gid -1 egid -1
I181207 02:43:51.028131 1 cli/start.go:461  starting cockroach node
I181207 02:43:51.029031 26 storage/engine/rocksdb.go:553  opening rocksdb instance at "D:\\ECS-Game-Server\\DBStore\\cockroach-temp932720811"
I181207 02:43:51.067118 26 server/server.go:734  [n?] monitoring forward clock jumps based on server.clock.forward_jump_check_enabled
I181207 02:43:51.081680 26 storage/engine/rocksdb.go:553  opening rocksdb instance at "D:\\ECS-Game-Server\\DBStore"
I181207 02:43:51.103358 26 server/config.go:538  [n?] 1 storage engine initialized
I181207 02:43:51.103368 26 server/config.go:541  [n?] RocksDB cache size: 128 MiB
I181207 02:43:51.103376 26 server/config.go:541  [n?] store 0: RocksDB, max size 0 B, max open file limit 10000
I181207 02:43:51.126541 26 server/node.go:365  [n?] **** cluster 09d790d7-515c-45b4-9c14-4cfd9a6431f8 has been created
I181207 02:43:51.126562 26 server/server.go:1304  [n?] **** add additional nodes by specifying --join=IT69424:26257
I181207 02:43:51.157414 26 storage/store.go:1382  [n1,s1] [n1,s1]: failed initial metrics computation: [n1,s1]: system config not yet available
I181207 02:43:51.158251 26 server/node.go:505  [n1] initialized store [n1,s1]: disk (capacity=118 GiB, available=42 GiB, used=17 KiB, logicalBytes=4.9 KiB), ranges=1, leases=0, writes=0.00, bytesPerReplica={p10=5043.00 p25=5043.00 p50=5043.00 p75=5043.00 p90=5043.00 pMax=5043.00}, writesPerReplica={p10=0.00 p25=0.00 p50=0.00 p75=0.00 p90=0.00 pMax=0.00}
I181207 02:43:51.158298 26 server/node.go:343  [n1] node ID 1 initialized
I181207 02:43:51.158484 26 gossip/gossip.go:333  [n1] NodeDescriptor set to node_id:1 address:<network_field:"tcp" address_field:"IT69424:26257" > attrs:<> locality:<> ServerVersion:<major_val:2 minor_val:0 patch:0 unstable:0 > 
I181207 02:43:51.158611 26 storage/stores.go:331  [n1] read 0 node addresses from persistent storage
I181207 02:43:51.158786 26 server/node.go:655  [n1] connecting to gossip network to verify cluster ID...
I181207 02:43:51.158818 26 server/node.go:680  [n1] node connected via gossip and verified as part of cluster "09d790d7-515c-45b4-9c14-4cfd9a6431f8"
I181207 02:43:51.158849 26 server/node.go:439  [n1] node=1: started with [ssd=D:\ECS-Game-Server\DBStore] engine(s) and attributes []
I181207 02:43:51.159082 26 server/server.go:1430  [n1] starting http server at IT69424:8080
I181207 02:43:51.159099 26 server/server.go:1431  [n1] starting grpc/postgres server at IT69424:26257
I181207 02:43:51.159114 26 server/server.go:1432  [n1] advertising CockroachDB node at IT69424:26257
W181207 02:43:51.159147 26 sql/jobs/registry.go:286  [n1] unable to get node liveness: node not in the liveness table
I181207 02:43:51.161626 310 storage/replica_command.go:863  [split,n1,s1,r1/1:/M{in-ax}] initiating a split of this range at key /System/"" [r2]
I181207 02:43:51.176947 99 storage/replica_command.go:863  [split,n1,s1,r2/1:/{System/-Max}] initiating a split of this range at key /System/NodeLiveness [r3]
W181207 02:43:51.177534 32 storage/intent_resolver.go:320  [n1,s1] failed to push during intent resolution: failed to push "sql txn implicit" id=d4f6eeee key=/Table/SystemConfigSpan/Start rw=true pri=0.00677533 iso=SERIALIZABLE stat=PENDING epo=0 ts=1544150631.169958500,0 orig=1544150631.169958500,0 max=1544150631.169958500,0 wto=false rop=false seq=7
I181207 02:43:51.181760 26 sql/event_log.go:121  [n1] Event: "set_cluster_setting", target: 0, info: {SettingName:diagnostics.reporting.enabled Value:true User:node}
I181207 02:43:51.191740 294 storage/replica_command.go:863  [split,n1,s1,r3/1:/{System/NodeL…-Max}] initiating a split of this range at key /System/NodeLivenessMax [r4]
I181207 02:43:51.204117 26 sql/event_log.go:121  [n1] Event: "set_cluster_setting", target: 0, info: {SettingName:version Value:$1 User:node}
I181207 02:43:51.208841 361 storage/replica_command.go:863  [split,n1,s1,r4/1:/{System/NodeL…-Max}] initiating a split of this range at key /System/tsd [r5]
I181207 02:43:51.225207 26 sql/event_log.go:121  [n1] Event: "set_cluster_setting", target: 0, info: {SettingName:trace.debug.enable Value:false User:node}
I181207 02:43:51.227529 183 storage/replica_command.go:863  [split,n1,s1,r5/1:/{System/tsd-Max}] initiating a split of this range at key /System/"tse" [r6]
W181207 02:43:51.244451 185 storage/intent_resolver.go:320  [n1,s1] failed to push during intent resolution: failed to push "split" id=44f7510b key=/Local/Range/System/tsd/RangeDescriptor rw=true pri=0.05724775 iso=SERIALIZABLE stat=PENDING epo=0 ts=1544150631.227538100,0 orig=1544150631.227538100,0 max=1544150631.227538100,0 wto=false rop=false seq=3
I181207 02:43:51.249030 375 storage/replica_command.go:863  [split,n1,s1,r6/1:/{System/tse-Max}] initiating a split of this range at key /Table/SystemConfigSpan/Start [r7]
I181207 02:43:51.266447 187 storage/replica_command.go:863  [split,n1,s1,r7/1:/{Table/System…-Max}] initiating a split of this range at key /Table/11 [r8]
I181207 02:43:51.301323 107 storage/replica_command.go:863  [split,n1,s1,r8/1:/{Table/11-Max}] initiating a split of this range at key /Table/12 [r9]
W181207 02:43:51.317097 406 storage/intent_resolver.go:320  [n1,s1] failed to push during intent resolution: failed to push "split" id=aee5d2fd key=/Local/Range/Table/11/RangeDescriptor rw=true pri=0.07619043 iso=SERIALIZABLE stat=PENDING epo=0 ts=1544150631.301332200,0 orig=1544150631.301332200,0 max=1544150631.301332200,0 wto=false rop=false seq=3
I181207 02:43:51.319267 388 storage/replica_command.go:863  [split,n1,s1,r9/1:/{Table/12-Max}] initiating a split of this range at key /Table/13 [r10]
I181207 02:43:51.327294 26 sql/event_log.go:121  [n1] Event: "alter_table", target: 4, info: {TableName:system.public.users Statement:ALTER TABLE system.public.users ADD COLUMN IF NOT EXISTS "isRole" BOOL NOT NULL DEFAULT false User:node MutationID:1 CascadeDroppedViews:[]}
I181207 02:43:51.335494 26 sql/lease.go:352  [n1] publish: descID=4 (users) version=2 mtime=2018-12-07 02:43:51.3352853 +0000 UTC
I181207 02:43:51.338144 411 storage/replica_command.go:863  [split,n1,s1,r10/1:/{Table/13-Max}] initiating a split of this range at key /Table/14 [r11]
I181207 02:43:51.350436 26 sql/lease.go:352  [n1] publish: descID=4 (users) version=3 mtime=2018-12-07 02:43:51.3502931 +0000 UTC
W181207 02:43:51.350626 398 storage/intent_resolver.go:320  [n1,s1] failed to push during intent resolution: failed to push "split" id=4700bd6c key=/Local/Range/Table/13/RangeDescriptor rw=true pri=0.02015973 iso=SERIALIZABLE stat=PENDING epo=0 ts=1544150631.338151400,0 orig=1544150631.338151400,0 max=1544150631.338151400,0 wto=false rop=false seq=3
I181207 02:43:51.353967 110 storage/replica_command.go:863  [split,n1,s1,r11/1:/{Table/14-Max}] initiating a split of this range at key /Table/15 [r12]
I181207 02:43:51.364627 26 sql/backfill.go:134  [n1] Running backfill for "users", v=3, m=1
I181207 02:43:51.371050 433 storage/replica_command.go:863  [split,n1,s1,r12/1:/{Table/15-Max}] initiating a split of this range at key /Table/16 [r13]
I181207 02:43:51.395238 349 storage/replica_command.go:863  [split,n1,s1,r13/1:/{Table/16-Max}] initiating a split of this range at key /Table/17 [r14]
I181207 02:43:51.396221 26 sql/lease.go:352  [n1] publish: descID=4 (users) version=4 mtime=2018-12-07 02:43:51.3961119 +0000 UTC
I181207 02:43:51.414579 26 sql/event_log.go:121  [n1] Event: "finish_schema_change", target: 4, info: {MutationID:1}
I181207 02:43:51.415011 516 storage/replica_command.go:863  [split,n1,s1,r14/1:/{Table/17-Max}] initiating a split of this range at key /Table/18 [r15]
I181207 02:43:51.415877 26 sql/lease.go:275  publish (count leases): descID=4 name=users version=3 count=1
I181207 02:43:51.424882 414 sql/lease.go:812  new lease: 4("users") ver=4:1544150962.407020301,0, refcount=0
I181207 02:43:51.435146 476 storage/replica_command.go:863  [split,n1,s1,r15/1:/{Table/18-Max}] initiating a split of this range at key /Table/19 [r16]
I181207 02:43:51.456917 531 storage/replica_command.go:863  [split,n1,s1,r16/1:/{Table/19-Max}] initiating a split of this range at key /Table/20 [r17]
I181207 02:43:51.475677 352 storage/replica_command.go:863  [split,n1,s1,r17/1:/{Table/20-Max}] initiating a split of this range at key /Table/21 [r18]
I181207 02:43:51.501363 489 storage/replica_command.go:863  [split,n1,s1,r18/1:/{Table/21-Max}] initiating a split of this range at key /Table/22 [r19]
I181207 02:43:51.511084 26 sql/event_log.go:121  [n1] Event: "set_cluster_setting", target: 0, info: {SettingName:cluster.secret Value:gen_random_uuid()::STRING User:node}
I181207 02:43:51.523114 596 storage/replica_command.go:863  [split,n1,s1,r19/1:/{Table/22-Max}] initiating a split of this range at key /Table/23 [r20]
I181207 02:43:51.531566 26 server/server.go:1486  [n1] done ensuring all necessary migrations have run
I181207 02:43:51.531580 26 server/server.go:1489  [n1] serving sql connections
I181207 02:43:51.531665 26 cli/start.go:595  [config] clusterID: 09d790d7-515c-45b4-9c14-4cfd9a6431f8
I181207 02:43:51.531685 26 cli/start.go:603  node startup completed:
CockroachDB node starting at 2018-12-07 02:43:51.5316245 +0000 UTC (took 0.7s)
build:               CCL v2.0.6 @ 2018/10/01 14:06:38 (go1.10)
admin:               http://IT69424:8080
sql:                 postgresql://root@IT69424:26257?sslmode=disable
logs:                D:\ECS-Game-Server\DBStore\logs
temp dir:            D:\ECS-Game-Server\DBStore\cockroach-temp932720811
external I/O path:   D:\ECS-Game-Server\DBStore\extern
store[0]:            path=D:\ECS-Game-Server\DBStore,attrs=ssd
status:              initialized new cluster
clusterID:           09d790d7-515c-45b4-9c14-4cfd9a6431f8
nodeID:              1
I181207 02:43:51.539676 551 sql/event_log.go:121  [n1] Event: "node_join", target: 1, info: {Descriptor:{NodeID:1 Address:{NetworkField:tcp AddressField:IT69424:26257} Attrs: Locality: ServerVersion:2.0} ClusterID:09d790d7-515c-45b4-9c14-4cfd9a6431f8 StartedAt:1544150631158822100 LastUp:1544150631158822100}
I181207 02:43:53.440311 552 server/updates.go:233  [n1] A new version is available: 2.1.1, details: https://www.cockroachlabs.com/docs/releases/v2.1.1.html
I181207 02:43:59.311309 649 sql/event_log.go:121  [n1,client=[fe80::e14d:f044:f6b6:fe30%vEthernet (默认交换机)]:60612,user=root] Event: "create_database", target: 50, info: {DatabaseName:nakama Statement:CREATE DATABASE nakama User:root}
I181207 02:43:59.311602 665 storage/replica_command.go:863  [split,n1,s1,r20/1:/{Table/23-Max}] initiating a split of this range at key /Table/50 [r21]
I181207 02:43:59.330339 652 sql/event_log.go:121  [n1,client=[fe80::e14d:f044:f6b6:fe30%vEthernet (默认交换机)]:60613,user=root] Event: "create_table", target: 51, info: {TableName:nakama.public.migration_info Statement:CREATE TABLE IF NOT EXISTS migration_info (id TEXT NOT NULL PRIMARY KEY, applied_at TIMESTAMP WITH TIME ZONE) User:root}
I181207 02:43:59.330505 512 storage/replica_command.go:863  [split,n1,s1,r21/1:/{Table/50-Max}] initiating a split of this range at key /Table/51 [r22]
I181207 02:43:59.489769 652 sql/event_log.go:121  [n1,client=[fe80::e14d:f044:f6b6:fe30%vEthernet (默认交换机)]:60613,user=root] Event: "create_table", target: 52, info: {TableName:nakama.public.users Statement:CREATE TABLE IF NOT EXISTS users (PRIMARY KEY (id), id UUID NOT NULL, username VARCHAR(128) NOT NULL UNIQUE, display_name VARCHAR(255), avatar_url VARCHAR(512), lang_tag VARCHAR(18) DEFAULT 'en', location VARCHAR(255), timezone VARCHAR(255), metadata JSONB NOT NULL DEFAULT '{}', wallet JSONB NOT NULL DEFAULT '{}', email VARCHAR(255) UNIQUE, password BYTEA, facebook_id VARCHAR(128) UNIQUE, google_id VARCHAR(128) UNIQUE, gamecenter_id VARCHAR(128) UNIQUE, steam_id VARCHAR(128) UNIQUE, custom_id VARCHAR(128) UNIQUE, edge_count INT NOT NULL DEFAULT 0, create_time TIMESTAMP WITH TIME ZONE NOT NULL DEFAULT now(), update_time TIMESTAMP WITH TIME ZONE NOT NULL DEFAULT now(), verify_time TIMESTAMP WITH TIME ZONE NOT NULL DEFAULT '1970-01-01 00:00:00+00:00', disable_time TIMESTAMP WITH TIME ZONE NOT NULL DEFAULT '1970-01-01 00:00:00+00:00', CHECK (length(password) < 32000), CHECK (edge_count >= 0)) User:root}
I181207 02:43:59.489779 652 sql/event_log.go:121  [n1,client=[fe80::e14d:f044:f6b6:fe30%vEthernet (默认交换机)]:60613,user=root] Event: "create_table", target: 53, info: {TableName:nakama.public.user_device Statement:CREATE TABLE IF NOT EXISTS user_device (PRIMARY KEY (id), FOREIGN KEY (user_id) REFERENCES users (id) ON DELETE CASCADE, id VARCHAR(128) NOT NULL, user_id UUID NOT NULL) User:root}
I181207 02:43:59.489785 652 sql/event_log.go:121  [n1,client=[fe80::e14d:f044:f6b6:fe30%vEthernet (默认交换机)]:60613,user=root] Event: "create_table", target: 54, info: {TableName:nakama.public.user_edge Statement:CREATE TABLE IF NOT EXISTS user_edge (PRIMARY KEY (source_id, state, "position"), FOREIGN KEY (source_id) REFERENCES users (id) ON DELETE CASCADE, FOREIGN KEY (destination_id) REFERENCES users (id) ON DELETE CASCADE, source_id UUID NOT NULL, "position" BIGINT NOT NULL, update_time TIMESTAMP WITH TIME ZONE NOT NULL DEFAULT now(), destination_id UUID NOT NULL, state SMALLINT NOT NULL DEFAULT 0, UNIQUE (source_id, destination_id)) User:root}
I181207 02:43:59.489791 652 sql/event_log.go:121  [n1,client=[fe80::e14d:f044:f6b6:fe30%vEthernet (默认交换机)]:60613,user=root] Event: "create_table", target: 55, info: {TableName:nakama.public.notification Statement:CREATE TABLE IF NOT EXISTS notification (PRIMARY KEY (user_id, create_time, id), FOREIGN KEY (user_id) REFERENCES users (id) ON DELETE CASCADE, id UUID NOT NULL UNIQUE, user_id UUID NOT NULL, subject VARCHAR(255) NOT NULL, content JSONB NOT NULL DEFAULT '{}', code SMALLINT NOT NULL, sender_id UUID NOT NULL, create_time TIMESTAMP WITH TIME ZONE NOT NULL DEFAULT now()) User:root}
I181207 02:43:59.489796 652 sql/event_log.go:121  [n1,client=[fe80::e14d:f044:f6b6:fe30%vEthernet (默认交换机)]:60613,user=root] Event: "create_table", target: 56, info: {TableName:nakama.public.storage Statement:CREATE TABLE IF NOT EXISTS storage (PRIMARY KEY (collection, read, key, user_id), FOREIGN KEY (user_id) REFERENCES users (id) ON DELETE CASCADE, collection VARCHAR(128) NOT NULL, key VARCHAR(128) NOT NULL, user_id UUID NOT NULL, value JSONB NOT NULL DEFAULT '{}', version VARCHAR(32) NOT NULL, read SMALLINT NOT NULL DEFAULT 1, write SMALLINT NOT NULL DEFAULT 1, create_time TIMESTAMP WITH TIME ZONE NOT NULL DEFAULT now(), update_time TIMESTAMP WITH TIME ZONE NOT NULL DEFAULT now(), UNIQUE (collection, key, user_id), CHECK (read >= 0), CHECK (write >= 0)) User:root}
I181207 02:43:59.489802 652 sql/event_log.go:121  [n1,client=[fe80::e14d:f044:f6b6:fe30%vEthernet (默认交换机)]:60613,user=root] Event: "create_index", target: 56, info: {TableName:nakama.public.storage IndexName:collection_read_user_id_key_idx Statement:CREATE INDEX IF NOT EXISTS collection_read_user_id_key_idx ON storage (collection, read, user_id, key) User:root MutationID:1}
I181207 02:43:59.489807 652 sql/event_log.go:121  [n1,client=[fe80::e14d:f044:f6b6:fe30%vEthernet (默认交换机)]:60613,user=root] Event: "create_index", target: 56, info: {TableName:nakama.public.storage IndexName:value_ginidx Statement:CREATE INVERTED INDEX IF NOT EXISTS value_ginidx ON storage (value) User:root MutationID:2}
I181207 02:43:59.489815 652 sql/event_log.go:121  [n1,client=[fe80::e14d:f044:f6b6:fe30%vEthernet (默认交换机)]:60613,user=root] Event: "create_table", target: 57, info: {TableName:nakama.public.message Statement:CREATE TABLE IF NOT EXISTS message (PRIMARY KEY (stream_mode, stream_subject, stream_descriptor, stream_label, create_time, id), FOREIGN KEY (sender_id) REFERENCES users (id) ON DELETE CASCADE, id UUID NOT NULL UNIQUE, code SMALLINT NOT NULL DEFAULT 0, sender_id UUID NOT NULL, username VARCHAR(128) NOT NULL, stream_mode SMALLINT NOT NULL, stream_subject UUID NOT NULL, stream_descriptor UUID NOT NULL, stream_label VARCHAR(128) NOT NULL, content JSONB NOT NULL DEFAULT '{}', create_time TIMESTAMP WITH TIME ZONE NOT NULL DEFAULT now(), update_time TIMESTAMP WITH TIME ZONE NOT NULL DEFAULT now(), UNIQUE (sender_id, id)) User:root}
I181207 02:43:59.489823 652 sql/event_log.go:121  [n1,client=[fe80::e14d:f044:f6b6:fe30%vEthernet (默认交换机)]:60613,user=root] Event: "create_table", target: 58, info: {TableName:nakama.public.leaderboard Statement:CREATE TABLE IF NOT EXISTS leaderboard (PRIMARY KEY (id), id VARCHAR(128) NOT NULL, authoritative BOOLEAN DEFAULT false, sort_order SMALLINT NOT NULL DEFAULT 1, operator SMALLINT NOT NULL DEFAULT 0, reset_schedule VARCHAR(64), metadata JSONB NOT NULL DEFAULT '{}', create_time TIMESTAMP WITH TIME ZONE NOT NULL DEFAULT now()) User:root}
I181207 02:43:59.489831 652 sql/event_log.go:121  [n1,client=[fe80::e14d:f044:f6b6:fe30%vEthernet (默认交换机)]:60613,user=root] Event: "create_table", target: 59, info: {TableName:nakama.public.leaderboard_record Statement:CREATE TABLE IF NOT EXISTS leaderboard_record (PRIMARY KEY (leaderboard_id, expiry_time, score, subscore, owner_id), FOREIGN KEY (leaderboard_id) REFERENCES leaderboard (id) ON DELETE CASCADE, leaderboard_id VARCHAR(128) NOT NULL, owner_id UUID NOT NULL, username VARCHAR(128), score BIGINT NOT NULL DEFAULT 0, subscore BIGINT NOT NULL DEFAULT 0, num_score INT NOT NULL DEFAULT 1, metadata JSONB NOT NULL DEFAULT '{}', create_time TIMESTAMP WITH TIME ZONE NOT NULL DEFAULT now(), update_time TIMESTAMP WITH TIME ZONE NOT NULL DEFAULT now(), expiry_time TIMESTAMP WITH TIME ZONE NOT NULL DEFAULT '1970-01-01 00:00:00+00:00', UNIQUE (owner_id, leaderboard_id, expiry_time), CHECK (score >= 0), CHECK (subscore >= 0), CHECK (num_score >= 0)) User:root}
I181207 02:43:59.489839 652 sql/event_log.go:121  [n1,client=[fe80::e14d:f044:f6b6:fe30%vEthernet (默认交换机)]:60613,user=root] Event: "create_table", target: 60, info: {TableName:nakama.public.wallet_ledger Statement:CREATE TABLE IF NOT EXISTS wallet_ledger (PRIMARY KEY (user_id, create_time, id), FOREIGN KEY (user_id) REFERENCES users (id) ON DELETE CASCADE, id UUID NOT NULL UNIQUE, user_id UUID NOT NULL, changeset JSONB NOT NULL, metadata JSONB NOT NULL, create_time TIMESTAMP WITH TIME ZONE NOT NULL DEFAULT now(), update_time TIMESTAMP WITH TIME ZONE NOT NULL DEFAULT now()) User:root}
I181207 02:43:59.489848 652 sql/event_log.go:121  [n1,client=[fe80::e14d:f044:f6b6:fe30%vEthernet (默认交换机)]:60613,user=root] Event: "create_table", target: 61, info: {TableName:nakama.public.user_tombstone Statement:CREATE TABLE IF NOT EXISTS user_tombstone (PRIMARY KEY (create_time, user_id), user_id UUID NOT NULL UNIQUE, create_time TIMESTAMP WITH TIME ZONE NOT NULL DEFAULT now()) User:root}
I181207 02:43:59.489855 652 sql/event_log.go:121  [n1,client=[fe80::e14d:f044:f6b6:fe30%vEthernet (默认交换机)]:60613,user=root] Event: "create_table", target: 62, info: {TableName:nakama.public.groups Statement:CREATE TABLE IF NOT EXISTS groups (PRIMARY KEY (disable_time, lang_tag, edge_count, id), id UUID NOT NULL UNIQUE, creator_id UUID NOT NULL, "name" VARCHAR(255) NOT NULL UNIQUE, description VARCHAR(255), avatar_url VARCHAR(512), lang_tag VARCHAR(18) DEFAULT 'en', metadata JSONB NOT NULL DEFAULT '{}', state SMALLINT NOT NULL DEFAULT 0, edge_count INT NOT NULL DEFAULT 0, max_count INT NOT NULL DEFAULT 100, create_time TIMESTAMP WITH TIME ZONE NOT NULL DEFAULT now(), update_time TIMESTAMP WITH TIME ZONE NOT NULL DEFAULT now(), disable_time TIMESTAMP WITH TIME ZONE NOT NULL DEFAULT '1970-01-01 00:00:00+00:00', CHECK (state >= 0), CHECK ((edge_count >= 1) AND (edge_count <= max_count)), CHECK (max_count >= 1)) User:root}
I181207 02:43:59.489864 652 sql/event_log.go:121  [n1,client=[fe80::e14d:f044:f6b6:fe30%vEthernet (默认交换机)]:60613,user=root] Event: "create_index", target: 62, info: {TableName:nakama.public.groups IndexName:edge_count_update_time_id_idx Statement:CREATE INDEX IF NOT EXISTS edge_count_update_time_id_idx ON groups (disable_time, edge_count, update_time, id) User:root MutationID:1}
I181207 02:43:59.489872 652 sql/event_log.go:121  [n1,client=[fe80::e14d:f044:f6b6:fe30%vEthernet (默认交换机)]:60613,user=root] Event: "create_index", target: 62, info: {TableName:nakama.public.groups IndexName:update_time_edge_count_id_idx Statement:CREATE INDEX IF NOT EXISTS update_time_edge_count_id_idx ON groups (disable_time, update_time, edge_count, id) User:root MutationID:2}
I181207 02:43:59.489878 652 sql/event_log.go:121  [n1,client=[fe80::e14d:f044:f6b6:fe30%vEthernet (默认交换机)]:60613,user=root] Event: "create_table", target: 63, info: {TableName:nakama.public.group_edge Statement:CREATE TABLE IF NOT EXISTS group_edge (PRIMARY KEY (source_id, state, "position"), source_id UUID NOT NULL, "position" BIGINT NOT NULL, update_time TIMESTAMP WITH TIME ZONE NOT NULL DEFAULT now(), destination_id UUID NOT NULL, state SMALLINT NOT NULL DEFAULT 0, UNIQUE (source_id, destination_id)) User:root}
I181207 02:43:59.490087 723 storage/replica_command.go:863  [split,n1,s1,r22/1:/{Table/51-Max}] initiating a split of this range at key /Table/52 [r23]
I181207 02:43:59.499558 652 sql/lease.go:352  [n1,client=[fe80::e14d:f044:f6b6:fe30%vEthernet (默认交换机)]:60613,user=root] publish: descID=52 (users) version=2 mtime=2018-12-07 02:43:59.4994691 +0000 UTC
I181207 02:43:59.509012 754 storage/replica_command.go:863  [split,n1,s1,r23/1:/{Table/52-Max}] initiating a split of this range at key /Table/53 [r24]
I181207 02:43:59.525201 652 sql/lease.go:352  [n1,client=[fe80::e14d:f044:f6b6:fe30%vEthernet (默认交换机)]:60613,user=root] publish: descID=53 (user_device) version=2 mtime=2018-12-07 02:43:59.5250994 +0000 UTC
I181207 02:43:59.528928 609 storage/replica_command.go:863  [split,n1,s1,r24/1:/{Table/53-Max}] initiating a split of this range at key /Table/54 [r25]
I181207 02:43:59.529888 652 sql/lease.go:352  [n1,client=[fe80::e14d:f044:f6b6:fe30%vEthernet (默认交换机)]:60613,user=root] publish: descID=53 (user_device) version=3 mtime=2018-12-07 02:43:59.5298264 +0000 UTC
I181207 02:43:59.548928 772 storage/replica_command.go:863  [split,n1,s1,r25/1:/{Table/54-Max}] initiating a split of this range at key /Table/55 [r26]
I181207 02:43:59.573836 652 sql/lease.go:352  [n1,client=[fe80::e14d:f044:f6b6:fe30%vEthernet (默认交换机)]:60613,user=root] publish: descID=54 (user_edge) version=2 mtime=2018-12-07 02:43:59.5737626 +0000 UTC
I181207 02:43:59.575879 810 storage/replica_command.go:863  [split,n1,s1,r26/1:/{Table/55-Max}] initiating a split of this range at key /Table/56 [r27]
I181207 02:43:59.577557 652 sql/lease.go:352  [n1,client=[fe80::e14d:f044:f6b6:fe30%vEthernet (默认交换机)]:60613,user=root] publish: descID=54 (user_edge) version=3 mtime=2018-12-07 02:43:59.5774895 +0000 UTC
I181207 02:43:59.594304 776 storage/replica_command.go:863  [split,n1,s1,r27/1:/{Table/56-Max}] initiating a split of this range at key /Table/57 [r28]
I181207 02:43:59.612807 823 storage/replica_command.go:863  [split,n1,s1,r28/1:/{Table/57-Max}] initiating a split of this range at key /Table/58 [r29]
I181207 02:43:59.623199 652 sql/lease.go:352  [n1,client=[fe80::e14d:f044:f6b6:fe30%vEthernet (默认交换机)]:60613,user=root] publish: descID=55 (notification) version=2 mtime=2018-12-07 02:43:59.62313 +0000 UTC
I181207 02:43:59.626767 652 sql/lease.go:352  [n1,client=[fe80::e14d:f044:f6b6:fe30%vEthernet (默认交换机)]:60613,user=root] publish: descID=55 (notification) version=3 mtime=2018-12-07 02:43:59.6266814 +0000 UTC
I181207 02:43:59.631605 838 storage/replica_command.go:863  [split,n1,s1,r29/1:/{Table/58-Max}] initiating a split of this range at key /Table/59 [r30]
I181207 02:43:59.650989 812 storage/replica_command.go:863  [split,n1,s1,r30/1:/{Table/59-Max}] initiating a split of this range at key /Table/60 [r31]
I181207 02:43:59.660747 266 storage/replica_proposal.go:202  [n1,s1,r29/1:/Table/5{8-9}] new range lease repl=(n1,s1):1 seq=3 start=1544150631.156082500,0 epo=1 pro=1544150639.656386300,0 following repl=(n1,s1):1 seq=2 start=1544150631.156082500,0 exp=1544150640.156341600,0 pro=1544150631.156401300,0
I181207 02:43:59.664258 263 storage/replica_proposal.go:202  [n1,s1,r7/1:/Table/{SystemCon…-11}] new range lease repl=(n1,s1):1 seq=3 start=1544150631.156082500,0 epo=1 pro=1544150639.659359800,0 following repl=(n1,s1):1 seq=2 start=1544150631.156082500,0 exp=1544150640.156341600,0 pro=1544150631.156401300,0
I181207 02:43:59.665688 261 storage/replica_proposal.go:202  [n1,s1,r23/1:/Table/5{2-3}] new range lease repl=(n1,s1):1 seq=3 start=1544150631.156082500,0 epo=1 pro=1544150639.661653900,0 following repl=(n1,s1):1 seq=2 start=1544150631.156082500,0 exp=1544150640.156341600,0 pro=1544150631.156401300,0
I181207 02:43:59.668181 252 storage/replica_proposal.go:202  [n1,s1,r10/1:/Table/1{3-4}] new range lease repl=(n1,s1):1 seq=3 start=1544150631.156082500,0 epo=1 pro=1544150639.665274300,0 following repl=(n1,s1):1 seq=2 start=1544150631.156082500,0 exp=1544150640.156341600,0 pro=1544150631.156401300,0
I181207 02:43:59.668260 260 storage/replica_proposal.go:202  [n1,s1,r26/1:/Table/5{5-6}] new range lease repl=(n1,s1):1 seq=3 start=1544150631.156082500,0 epo=1 pro=1544150639.665956400,0 following repl=(n1,s1):1 seq=2 start=1544150631.156082500,0 exp=1544150640.156341600,0 pro=1544150631.156401300,0
I181207 02:43:59.672828 215 storage/replica_proposal.go:202  [n1,s1,r19/1:/Table/2{2-3}] new range lease repl=(n1,s1):1 seq=3 start=1544150631.156082500,0 epo=1 pro=1544150639.668549400,0 following repl=(n1,s1):1 seq=2 start=1544150631.156082500,0 exp=1544150640.156341600,0 pro=1544150631.156401300,0
I181207 02:43:59.675585 212 storage/replica_proposal.go:202  [n1,s1,r8/1:/Table/1{1-2}] new range lease repl=(n1,s1):1 seq=3 start=1544150631.156082500,0 epo=1 pro=1544150639.672259700,0 following repl=(n1,s1):1 seq=2 start=1544150631.156082500,0 exp=1544150640.156341600,0 pro=1544150631.156401300,0
I181207 02:43:59.676047 652 sql/lease.go:352  [n1,client=[fe80::e14d:f044:f6b6:fe30%vEthernet (默认交换机)]:60613,user=root] publish: descID=56 (storage) version=2 mtime=2018-12-07 02:43:59.6757836 +0000 UTC
I181207 02:43:59.677246 80 storage/replica_proposal.go:202  [n1,s1,r6/1:/{System/tse-Table/System…}] new range lease repl=(n1,s1):1 seq=3 start=1544150631.156082500,0 epo=1 pro=1544150639.673008500,0 following repl=(n1,s1):1 seq=2 start=1544150631.156082500,0 exp=1544150640.156341600,0 pro=1544150631.156401300,0
I181207 02:43:59.677301 217 storage/replica_proposal.go:202  [n1,s1,r30/1:/{Table/59-Max}] new range lease repl=(n1,s1):1 seq=3 start=1544150631.156082500,0 epo=1 pro=1544150639.672986000,0 following repl=(n1,s1):1 seq=2 start=1544150631.156082500,0 exp=1544150640.156341600,0 pro=1544150631.156401300,0
I181207 02:43:59.681508 211 storage/replica_proposal.go:202  [n1,s1,r27/1:/Table/5{6-7}] new range lease repl=(n1,s1):1 seq=3 start=1544150631.156082500,0 epo=1 pro=1544150639.677399500,0 following repl=(n1,s1):1 seq=2 start=1544150631.156082500,0 exp=1544150640.156341600,0 pro=1544150631.156401300,0
I181207 02:43:59.681925 652 sql/lease.go:352  [n1,client=[fe80::e14d:f044:f6b6:fe30%vEthernet (默认交换机)]:60613,user=root] publish: descID=56 (storage) version=3 mtime=2018-12-07 02:43:59.6818126 +0000 UTC
I181207 02:43:59.684546 244 storage/replica_proposal.go:202  [n1,s1,r25/1:/Table/5{4-5}] new range lease repl=(n1,s1):1 seq=3 start=1544150631.156082500,0 epo=1 pro=1544150639.681755000,0 following repl=(n1,s1):1 seq=2 start=1544150631.156082500,0 exp=1544150640.156341600,0 pro=1544150631.156401300,0
I181207 02:43:59.685903 218 storage/replica_proposal.go:202  [n1,s1,r30/1:/{Table/59-Max}] new range lease repl=(n1,s1):1 seq=3 start=1544150631.156082500,0 epo=1 pro=1544150639.672986000,0 following repl=(n1,s1):1 seq=3 start=1544150631.156082500,0 epo=1 pro=1544150639.672986000,0
I181207 02:43:59.686054 902 storage/replica_command.go:863  [split,n1,s1,r31/1:/{Table/60-Max}] initiating a split of this range at key /Table/61 [r32]
I181207 02:43:59.688437 79 storage/replica_proposal.go:202  [n1,s1,r9/1:/Table/1{2-3}] new range lease repl=(n1,s1):1 seq=3 start=1544150631.156082500,0 epo=1 pro=1544150639.684740100,0 following repl=(n1,s1):1 seq=2 start=1544150631.156082500,0 exp=1544150640.156341600,0 pro=1544150631.156401300,0
I181207 02:43:59.692485 222 storage/replica_proposal.go:202  [n1,s1,r5/1:/System/ts{d-e}] new range lease repl=(n1,s1):1 seq=3 start=1544150631.156082500,0 epo=1 pro=1544150639.688606900,0 following repl=(n1,s1):1 seq=2 start=1544150631.156082500,0 exp=1544150640.156341600,0 pro=1544150631.156401300,0
I181207 02:43:59.696803 224 storage/replica_proposal.go:202  [n1,s1,r21/1:/Table/5{0-1}] new range lease repl=(n1,s1):1 seq=3 start=1544150631.156082500,0 epo=1 pro=1544150639.692662600,0 following repl=(n1,s1):1 seq=2 start=1544150631.156082500,0 exp=1544150640.156341600,0 pro=1544150631.156401300,0
I181207 02:43:59.700815 243 storage/replica_proposal.go:202  [n1,s1,r22/1:/Table/5{1-2}] new range lease repl=(n1,s1):1 seq=3 start=1544150631.156082500,0 epo=1 pro=1544150639.696966400,0 following repl=(n1,s1):1 seq=2 start=1544150631.156082500,0 exp=1544150640.156341600,0 pro=1544150631.156401300,0
I181207 02:43:59.705346 228 storage/replica_proposal.go:202  [n1,s1,r18/1:/Table/2{1-2}] new range lease repl=(n1,s1):1 seq=3 start=1544150631.156082500,0 epo=1 pro=1544150639.700995200,0 following repl=(n1,s1):1 seq=2 start=1544150631.156082500,0 exp=1544150640.156341600,0 pro=1544150631.156401300,0
I181207 02:43:59.708136 230 storage/replica_proposal.go:202  [n1,s1,r17/1:/Table/2{0-1}] new range lease repl=(n1,s1):1 seq=3 start=1544150631.156082500,0 epo=1 pro=1544150639.705528400,0 following repl=(n1,s1):1 seq=2 start=1544150631.156082500,0 exp=1544150640.156341600,0 pro=1544150631.156401300,0
I181207 02:43:59.708303 229 storage/replica_proposal.go:202  [n1,s1,r31/1:/{Table/60-Max}] new range lease repl=(n1,s1):1 seq=3 start=1544150631.156082500,0 epo=1 pro=1544150639.672986000,0 following repl=(n1,s1):1 seq=3 start=1544150631.156082500,0 epo=1 pro=1544150639.672986000,0
I181207 02:43:59.708459 891 storage/replica_command.go:863  [split,n1,s1,r32/1:/{Table/61-Max}] initiating a split of this range at key /Table/62 [r33]
I181207 02:43:59.711544 241 storage/replica_proposal.go:202  [n1,s1,r12/1:/Table/1{5-6}] new range lease repl=(n1,s1):1 seq=3 start=1544150631.156082500,0 epo=1 pro=1544150639.708079500,0 following repl=(n1,s1):1 seq=2 start=1544150631.156082500,0 exp=1544150640.156341600,0 pro=1544150631.156401300,0
I181207 02:43:59.712817 229 storage/replica_proposal.go:202  [n1,s1,r15/1:/Table/1{8-9}] new range lease repl=(n1,s1):1 seq=3 start=1544150631.156082500,0 epo=1 pro=1544150639.708354000,0 following repl=(n1,s1):1 seq=2 start=1544150631.156082500,0 exp=1544150640.156341600,0 pro=1544150631.156401300,0
I181207 02:43:59.717606 255 storage/replica_proposal.go:202  [n1,s1,r11/1:/Table/1{4-5}] new range lease repl=(n1,s1):1 seq=3 start=1544150631.156082500,0 epo=1 pro=1544150639.713328300,0 following repl=(n1,s1):1 seq=2 start=1544150631.156082500,0 exp=1544150640.156341600,0 pro=1544150631.156401300,0
I181207 02:43:59.721828 234 storage/replica_proposal.go:202  [n1,s1,r4/1:/System/{NodeLive…-tsd}] new range lease repl=(n1,s1):1 seq=3 start=1544150631.156082500,0 epo=1 pro=1544150639.717809300,0 following repl=(n1,s1):1 seq=2 start=1544150631.156082500,0 exp=1544150640.156341600,0 pro=1544150631.156401300,0
I181207 02:43:59.722622 652 sql/lease.go:352  [n1,client=[fe80::e14d:f044:f6b6:fe30%vEthernet (默认交换机)]:60613,user=root] publish: descID=56 (storage) version=4 mtime=2018-12-07 02:43:59.7225285 +0000 UTC
I181207 02:43:59.725858 236 storage/replica_proposal.go:202  [n1,s1,r14/1:/Table/1{7-8}] new range lease repl=(n1,s1):1 seq=3 start=1544150631.156082500,0 epo=1 pro=1544150639.722096100,0 following repl=(n1,s1):1 seq=2 start=1544150631.156082500,0 exp=1544150640.156341600,0 pro=1544150631.156401300,0
I181207 02:43:59.728651 250 storage/replica_proposal.go:202  [n1,s1,r24/1:/Table/5{3-4}] new range lease repl=(n1,s1):1 seq=3 start=1544150631.156082500,0 epo=1 pro=1544150639.726026400,0 following repl=(n1,s1):1 seq=2 start=1544150631.156082500,0 exp=1544150640.156341600,0 pro=1544150631.156401300,0
I181207 02:43:59.728676 258 storage/replica_proposal.go:202  [n1,s1,r32/1:/{Table/61-Max}] new range lease repl=(n1,s1):1 seq=3 start=1544150631.156082500,0 epo=1 pro=1544150639.672986000,0 following repl=(n1,s1):1 seq=3 start=1544150631.156082500,0 epo=1 pro=1544150639.672986000,0
I181207 02:43:59.728910 935 storage/replica_command.go:863  [split,n1,s1,r33/1:/{Table/62-Max}] initiating a split of this range at key /Table/63 [r34]
I181207 02:43:59.733293 76 storage/replica_proposal.go:202  [n1,s1,r28/1:/Table/5{7-8}] new range lease repl=(n1,s1):1 seq=3 start=1544150631.156082500,0 epo=1 pro=1544150639.728858500,0 following repl=(n1,s1):1 seq=2 start=1544150631.156082500,0 exp=1544150640.156341600,0 pro=1544150631.156401300,0
I181207 02:43:59.736096 652 sql/backfill.go:134  [n1,client=[fe80::e14d:f044:f6b6:fe30%vEthernet (默认交换机)]:60613,user=root] Running backfill for "storage", v=4, m=1
I181207 02:43:59.737227 261 storage/replica_proposal.go:202  [n1,s1,r13/1:/Table/1{6-7}] new range lease repl=(n1,s1):1 seq=3 start=1544150631.156082500,0 epo=1 pro=1544150639.733469400,0 following repl=(n1,s1):1 seq=2 start=1544150631.156082500,0 exp=1544150640.156341600,0 pro=1544150631.156401300,0
I181207 02:43:59.741697 252 storage/replica_proposal.go:202  [n1,s1,r16/1:/Table/{19-20}] new range lease repl=(n1,s1):1 seq=3 start=1544150631.156082500,0 epo=1 pro=1544150639.737373200,0 following repl=(n1,s1):1 seq=2 start=1544150631.156082500,0 exp=1544150640.156341600,0 pro=1544150631.156401300,0
I181207 02:43:59.746004 213 storage/replica_proposal.go:202  [n1,s1,r20/1:/Table/{23-50}] new range lease repl=(n1,s1):1 seq=3 start=1544150631.156082500,0 epo=1 pro=1544150639.741950100,0 following repl=(n1,s1):1 seq=2 start=1544150631.156082500,0 exp=1544150640.156341600,0 pro=1544150631.156401300,0
I181207 02:43:59.749745 78 storage/replica_proposal.go:202  [n1,s1,r33/1:/{Table/62-Max}] new range lease repl=(n1,s1):1 seq=3 start=1544150631.156082500,0 epo=1 pro=1544150639.672986000,0 following repl=(n1,s1):1 seq=3 start=1544150631.156082500,0 epo=1 pro=1544150639.672986000,0
I181207 02:43:59.760365 652 sql/lease.go:352  [n1,client=[fe80::e14d:f044:f6b6:fe30%vEthernet (默认交换机)]:60613,user=root] publish: descID=56 (storage) version=5 mtime=2018-12-07 02:43:59.7602727 +0000 UTC
I181207 02:43:59.768472 652 sql/event_log.go:121  [n1,client=[fe80::e14d:f044:f6b6:fe30%vEthernet (默认交换机)]:60613,user=root] Event: "finish_schema_change", target: 56, info: {MutationID:1}
I181207 02:43:59.769124 652 sql/lease.go:275  publish (count leases): descID=56 name=storage version=4 count=1
I181207 02:43:59.777307 1017 sql/lease.go:812  new lease: 56("storage") ver=5:1544150969.783781461,0, refcount=0
I181207 02:43:59.802035 652 sql/lease.go:352  [n1,client=[fe80::e14d:f044:f6b6:fe30%vEthernet (默认交换机)]:60613,user=root] publish: descID=56 (storage) version=6 mtime=2018-12-07 02:43:59.8019552 +0000 UTC
I181207 02:43:59.804579 652 sql/lease.go:275  publish (count leases): descID=56 name=storage version=5 count=1
I181207 02:43:59.807642 960 sql/lease.go:812  new lease: 56("storage") ver=6:1544150990.195901720,0, refcount=0
I181207 02:43:59.831033 652 sql/backfill.go:134  [n1,client=[fe80::e14d:f044:f6b6:fe30%vEthernet (默认交换机)]:60613,user=root] Running backfill for "storage", v=6, m=2
I181207 02:43:59.842387 652 sql/lease.go:352  [n1,client=[fe80::e14d:f044:f6b6:fe30%vEthernet (默认交换机)]:60613,user=root] publish: descID=56 (storage) version=7 mtime=2018-12-07 02:43:59.8422947 +0000 UTC
I181207 02:43:59.850590 652 sql/event_log.go:121  [n1,client=[fe80::e14d:f044:f6b6:fe30%vEthernet (默认交换机)]:60613,user=root] Event: "finish_schema_change", target: 56, info: {MutationID:2}
I181207 02:43:59.851515 652 sql/lease.go:275  publish (count leases): descID=56 name=storage version=6 count=1
I181207 02:43:59.857832 986 sql/lease.go:812  new lease: 56("storage") ver=7:1544150990.196901720,0, refcount=0
I181207 02:43:59.888529 652 sql/lease.go:352  [n1,client=[fe80::e14d:f044:f6b6:fe30%vEthernet (默认交换机)]:60613,user=root] publish: descID=57 (message) version=2 mtime=2018-12-07 02:43:59.8884502 +0000 UTC
I181207 02:43:59.891727 652 sql/lease.go:352  [n1,client=[fe80::e14d:f044:f6b6:fe30%vEthernet (默认交换机)]:60613,user=root] publish: descID=57 (message) version=3 mtime=2018-12-07 02:43:59.8916527 +0000 UTC
I181207 02:43:59.903640 652 sql/lease.go:352  [n1,client=[fe80::e14d:f044:f6b6:fe30%vEthernet (默认交换机)]:60613,user=root] publish: descID=58 (leaderboard) version=2 mtime=2018-12-07 02:43:59.9035674 +0000 UTC
I181207 02:43:59.914253 652 sql/lease.go:352  [n1,client=[fe80::e14d:f044:f6b6:fe30%vEthernet (默认交换机)]:60613,user=root] publish: descID=59 (leaderboard_record) version=2 mtime=2018-12-07 02:43:59.9140968 +0000 UTC
I181207 02:43:59.917610 652 sql/lease.go:352  [n1,client=[fe80::e14d:f044:f6b6:fe30%vEthernet (默认交换机)]:60613,user=root] publish: descID=59 (leaderboard_record) version=3 mtime=2018-12-07 02:43:59.9174965 +0000 UTC
I181207 02:43:59.940504 652 sql/lease.go:352  [n1,client=[fe80::e14d:f044:f6b6:fe30%vEthernet (默认交换机)]:60613,user=root] publish: descID=60 (wallet_ledger) version=2 mtime=2018-12-07 02:43:59.9403733 +0000 UTC
I181207 02:43:59.943843 652 sql/lease.go:352  [n1,client=[fe80::e14d:f044:f6b6:fe30%vEthernet (默认交换机)]:60613,user=root] publish: descID=60 (wallet_ledger) version=3 mtime=2018-12-07 02:43:59.9437647 +0000 UTC
I181207 02:43:59.955467 652 sql/lease.go:352  [n1,client=[fe80::e14d:f044:f6b6:fe30%vEthernet (默认交换机)]:60613,user=root] publish: descID=62 (groups) version=2 mtime=2018-12-07 02:43:59.9553745 +0000 UTC
I181207 02:43:59.962899 652 sql/lease.go:352  [n1,client=[fe80::e14d:f044:f6b6:fe30%vEthernet (默认交换机)]:60613,user=root] publish: descID=62 (groups) version=3 mtime=2018-12-07 02:43:59.9628116 +0000 UTC
I181207 02:43:59.969637 652 sql/backfill.go:134  [n1,client=[fe80::e14d:f044:f6b6:fe30%vEthernet (默认交换机)]:60613,user=root] Running backfill for "groups", v=3, m=1
I181207 02:43:59.985679 652 sql/lease.go:352  [n1,client=[fe80::e14d:f044:f6b6:fe30%vEthernet (默认交换机)]:60613,user=root] publish: descID=62 (groups) version=4 mtime=2018-12-07 02:43:59.9855905 +0000 UTC
I181207 02:43:59.995219 652 sql/event_log.go:121  [n1,client=[fe80::e14d:f044:f6b6:fe30%vEthernet (默认交换机)]:60613,user=root] Event: "finish_schema_change", target: 62, info: {MutationID:1}
I181207 02:43:59.995981 652 sql/lease.go:275  publish (count leases): descID=62 name=groups version=3 count=1
I181207 02:44:00.003334 1030 sql/lease.go:812  new lease: 62("groups") ver=4:1544150940.528003040,0, refcount=0
I181207 02:44:00.035661 652 sql/lease.go:352  [n1,client=[fe80::e14d:f044:f6b6:fe30%vEthernet (默认交换机)]:60613,user=root] publish: descID=62 (groups) version=5 mtime=2018-12-07 02:44:00.0355576 +0000 UTC
I181207 02:44:00.038702 652 sql/lease.go:275  publish (count leases): descID=62 name=groups version=4 count=1
I181207 02:44:00.044972 1107 sql/lease.go:812  new lease: 62("groups") ver=5:1544150946.345495147,0, refcount=0
I181207 02:44:00.065499 652 sql/backfill.go:134  [n1,client=[fe80::e14d:f044:f6b6:fe30%vEthernet (默认交换机)]:60613,user=root] Running backfill for "groups", v=5, m=2
I181207 02:44:00.076853 652 sql/lease.go:352  [n1,client=[fe80::e14d:f044:f6b6:fe30%vEthernet (默认交换机)]:60613,user=root] publish: descID=62 (groups) version=6 mtime=2018-12-07 02:44:00.0767613 +0000 UTC
I181207 02:44:00.085576 652 sql/event_log.go:121  [n1,client=[fe80::e14d:f044:f6b6:fe30%vEthernet (默认交换机)]:60613,user=root] Event: "finish_schema_change", target: 62, info: {MutationID:2}
I181207 02:44:00.086229 652 sql/lease.go:275  publish (count leases): descID=62 name=groups version=5 count=1
I181207 02:44:00.093165 1053 sql/lease.go:812  new lease: 62("groups") ver=6:1544150946.346495147,0, refcount=0
I181207 02:44:00.131703 652 sql/event_log.go:121  [n1,client=[fe80::e14d:f044:f6b6:fe30%vEthernet (默认交换机)]:60613,user=root] Event: "alter_table", target: 58, info: {TableName:nakama.public.leaderboard Statement:ALTER TABLE leaderboard ADD COLUMN category SMALLINT NOT NULL DEFAULT 0, ADD COLUMN description VARCHAR(255) NOT NULL DEFAULT '', ADD COLUMN duration INT NOT NULL DEFAULT 0, ADD COLUMN end_time TIMESTAMP WITH TIME ZONE NOT NULL DEFAULT '1970-01-01 00:00:00+00:00', ADD COLUMN join_required BOOLEAN NOT NULL DEFAULT false, ADD COLUMN max_size INT NOT NULL DEFAULT 100000000, ADD COLUMN max_num_score INT NOT NULL DEFAULT 1000000, ADD COLUMN title VARCHAR(255) NOT NULL DEFAULT '', ADD COLUMN size INT NOT NULL DEFAULT 0, ADD COLUMN start_time TIMESTAMP WITH TIME ZONE NOT NULL DEFAULT now() User:root MutationID:1 CascadeDroppedViews:[]}
I181207 02:44:00.131712 652 sql/event_log.go:121  [n1,client=[fe80::e14d:f044:f6b6:fe30%vEthernet (默认交换机)]:60613,user=root] Event: "alter_table", target: 59, info: {TableName:nakama.public.leaderboard_record Statement:ALTER TABLE leaderboard_record ADD COLUMN max_num_score INT NOT NULL DEFAULT 1000000 User:root MutationID:1 CascadeDroppedViews:[]}
I181207 02:44:00.138934 652 sql/lease.go:352  [n1,client=[fe80::e14d:f044:f6b6:fe30%vEthernet (默认交换机)]:60613,user=root] publish: descID=58 (leaderboard) version=3 mtime=2018-12-07 02:44:00.1388348 +0000 UTC
I181207 02:44:00.146893 652 sql/lease.go:352  [n1,client=[fe80::e14d:f044:f6b6:fe30%vEthernet (默认交换机)]:60613,user=root] publish: descID=58 (leaderboard) version=4 mtime=2018-12-07 02:44:00.1467942 +0000 UTC
I181207 02:44:00.154300 652 sql/backfill.go:134  [n1,client=[fe80::e14d:f044:f6b6:fe30%vEthernet (默认交换机)]:60613,user=root] Running backfill for "leaderboard", v=4, m=1
I181207 02:44:00.170229 652 sql/lease.go:352  [n1,client=[fe80::e14d:f044:f6b6:fe30%vEthernet (默认交换机)]:60613,user=root] publish: descID=58 (leaderboard) version=5 mtime=2018-12-07 02:44:00.1701355 +0000 UTC
I181207 02:44:00.181672 652 sql/event_log.go:121  [n1,client=[fe80::e14d:f044:f6b6:fe30%vEthernet (默认交换机)]:60613,user=root] Event: "finish_schema_change", target: 58, info: {MutationID:1}
I181207 02:44:00.182601 652 sql/lease.go:275  publish (count leases): descID=58 name=leaderboard version=4 count=1
I181207 02:44:00.190251 1157 sql/lease.go:812  new lease: 58("leaderboard") ver=5:1544150994.741683088,0, refcount=0
I181207 02:44:00.209990 652 sql/lease.go:352  [n1,client=[fe80::e14d:f044:f6b6:fe30%vEthernet (默认交换机)]:60613,user=root] publish: descID=59 (leaderboard_record) version=4 mtime=2018-12-07 02:44:00.209903 +0000 UTC
I181207 02:44:00.219224 1139 sql/lease.go:812  new lease: 59("leaderboard_record") ver=4:1544150991.678399925,0, refcount=0
I181207 02:44:00.219874 652 sql/lease.go:275  publish (count leases): descID=59 name=leaderboard_record version=3 count=1
I181207 02:44:00.279597 652 sql/lease.go:352  [n1,client=[fe80::e14d:f044:f6b6:fe30%vEthernet (默认交换机)]:60613,user=root] publish: descID=59 (leaderboard_record) version=5 mtime=2018-12-07 02:44:00.2791558 +0000 UTC
I181207 02:44:00.286898 652 sql/lease.go:275  publish (count leases): descID=59 name=leaderboard_record version=4 count=1
I181207 02:44:00.290474 1159 sql/lease.go:812  new lease: 59("leaderboard_record") ver=5:1544150991.679399925,0, refcount=0
I181207 02:44:00.315394 652 sql/backfill.go:134  [n1,client=[fe80::e14d:f044:f6b6:fe30%vEthernet (默认交换机)]:60613,user=root] Running backfill for "leaderboard_record", v=5, m=1
I181207 02:44:00.323473 652 sql/lease.go:352  [n1,client=[fe80::e14d:f044:f6b6:fe30%vEthernet (默认交换机)]:60613,user=root] publish: descID=59 (leaderboard_record) version=6 mtime=2018-12-07 02:44:00.323368 +0000 UTC
I181207 02:44:00.332036 652 sql/event_log.go:121  [n1,client=[fe80::e14d:f044:f6b6:fe30%vEthernet (默认交换机)]:60613,user=root] Event: "finish_schema_change", target: 59, info: {MutationID:1}
I181207 02:44:00.332834 652 sql/lease.go:275  publish (count leases): descID=59 name=leaderboard_record version=5 count=1
I181207 02:44:00.340299 1084 sql/lease.go:812  new lease: 59("leaderboard_record") ver=6:1544150991.680399925,0, refcount=0
I181207 02:44:00.385431 652 sql/event_log.go:121  [n1,client=[fe80::e14d:f044:f6b6:fe30%vEthernet (默认交换机)]:60613,user=root] Event: "alter_table", target: 58, info: {TableName:nakama.public.leaderboard Statement:ALTER TABLE leaderboard ADD CONSTRAINT check_category CHECK (category >= 0), ADD CONSTRAINT check_duration CHECK (duration >= 0), ADD CONSTRAINT check_max_size CHECK (max_size > 0), ADD CONSTRAINT check_max_num_score CHECK (max_num_score > 0), VALIDATE CONSTRAINT check_category, VALIDATE CONSTRAINT check_duration, VALIDATE CONSTRAINT check_max_size, VALIDATE CONSTRAINT check_max_num_score User:root MutationID:0 CascadeDroppedViews:[]}
I181207 02:44:00.385446 652 sql/event_log.go:121  [n1,client=[fe80::e14d:f044:f6b6:fe30%vEthernet (默认交换机)]:60613,user=root] Event: "create_index", target: 58, info: {TableName:nakama.public.leaderboard IndexName:duration_start_time_end_time_category_idx Statement:CREATE INDEX IF NOT EXISTS duration_start_time_end_time_category_idx ON leaderboard (duration, start_time, end_time DESC, category) User:root MutationID:2}
I181207 02:44:00.385453 652 sql/event_log.go:121  [n1,client=[fe80::e14d:f044:f6b6:fe30%vEthernet (默认交换机)]:60613,user=root] Event: "create_index", target: 59, info: {TableName:nakama.public.leaderboard_record IndexName:owner_id_expiry_time_leaderboard_id_idx Statement:CREATE INDEX IF NOT EXISTS owner_id_expiry_time_leaderboard_id_idx ON leaderboard_record (owner_id, expiry_time, leaderboard_id) User:root MutationID:2}
I181207 02:44:00.385462 652 sql/event_log.go:121  [n1,client=[fe80::e14d:f044:f6b6:fe30%vEthernet (默认交换机)]:60613,user=root] Event: "alter_table", target: 59, info: {TableName:nakama.public.leaderboard_record Statement:ALTER TABLE leaderboard_record ADD CONSTRAINT check_max_num_score CHECK (max_num_score > 0), VALIDATE CONSTRAINT check_max_num_score User:root MutationID:0 CascadeDroppedViews:[]}
I181207 02:44:00.392859 652 sql/lease.go:352  [n1,client=[fe80::e14d:f044:f6b6:fe30%vEthernet (默认交换机)]:60613,user=root] publish: descID=58 (leaderboard) version=6 mtime=2018-12-07 02:44:00.3927674 +0000 UTC
I181207 02:44:00.395805 652 sql/lease.go:275  publish (count leases): descID=58 name=leaderboard version=5 count=1
I181207 02:44:00.398776 1166 sql/lease.go:812  new lease: 58("leaderboard") ver=6:1544150994.742683088,0, refcount=0
I181207 02:44:00.431170 652 sql/lease.go:352  [n1,client=[fe80::e14d:f044:f6b6:fe30%vEthernet (默认交换机)]:60613,user=root] publish: descID=58 (leaderboard) version=7 mtime=2018-12-07 02:44:00.4310766 +0000 UTC
I181207 02:44:00.433977 652 sql/lease.go:275  publish (count leases): descID=58 name=leaderboard version=6 count=1
I181207 02:44:00.437480 1130 sql/lease.go:812  new lease: 58("leaderboard") ver=7:1544151001.902451652,0, refcount=0
I181207 02:44:00.460834 652 sql/backfill.go:134  [n1,client=[fe80::e14d:f044:f6b6:fe30%vEthernet (默认交换机)]:60613,user=root] Running backfill for "leaderboard", v=7, m=2
I181207 02:44:00.471949 652 sql/lease.go:352  [n1,client=[fe80::e14d:f044:f6b6:fe30%vEthernet (默认交换机)]:60613,user=root] publish: descID=58 (leaderboard) version=8 mtime=2018-12-07 02:44:00.4718503 +0000 UTC
I181207 02:44:00.481268 652 sql/event_log.go:121  [n1,client=[fe80::e14d:f044:f6b6:fe30%vEthernet (默认交换机)]:60613,user=root] Event: "finish_schema_change", target: 58, info: {MutationID:2}
I181207 02:44:00.481982 652 sql/lease.go:275  publish (count leases): descID=58 name=leaderboard version=7 count=1
I181207 02:44:00.488490 1203 sql/lease.go:812  new lease: 58("leaderboard") ver=8:1544151001.903451652,0, refcount=0
I181207 02:44:00.509846 652 sql/lease.go:352  [n1,client=[fe80::e14d:f044:f6b6:fe30%vEthernet (默认交换机)]:60613,user=root] publish: descID=59 (leaderboard_record) version=7 mtime=2018-12-07 02:44:00.5097583 +0000 UTC
I181207 02:44:00.517940 1204 sql/lease.go:812  new lease: 59("leaderboard_record") ver=7:1544151004.060180584,0, refcount=0
I181207 02:44:00.518652 652 sql/lease.go:275  publish (count leases): descID=59 name=leaderboard_record version=6 count=1
I181207 02:44:00.576413 652 sql/lease.go:352  [n1,client=[fe80::e14d:f044:f6b6:fe30%vEthernet (默认交换机)]:60613,user=root] publish: descID=59 (leaderboard_record) version=8 mtime=2018-12-07 02:44:00.576285 +0000 UTC
I181207 02:44:00.579221 652 sql/lease.go:275  publish (count leases): descID=59 name=leaderboard_record version=7 count=1
I181207 02:44:00.583404 1259 sql/lease.go:812  new lease: 59("leaderboard_record") ver=8:1544151004.061180584,0, refcount=0
I181207 02:44:00.605615 652 sql/backfill.go:134  [n1,client=[fe80::e14d:f044:f6b6:fe30%vEthernet (默认交换机)]:60613,user=root] Running backfill for "leaderboard_record", v=8, m=2
I181207 02:44:00.618333 652 sql/lease.go:352  [n1,client=[fe80::e14d:f044:f6b6:fe30%vEthernet (默认交换机)]:60613,user=root] publish: descID=59 (leaderboard_record) version=9 mtime=2018-12-07 02:44:00.6182399 +0000 UTC
I181207 02:44:00.626958 652 sql/event_log.go:121  [n1,client=[fe80::e14d:f044:f6b6:fe30%vEthernet (默认交换机)]:60613,user=root] Event: "finish_schema_change", target: 59, info: {MutationID:2}
I181207 02:44:00.627719 652 sql/lease.go:275  publish (count leases): descID=59 name=leaderboard_record version=8 count=1
I181207 02:44:00.635276 1144 sql/lease.go:812  new lease: 59("leaderboard_record") ver=9:1544151006.209697606,0, refcount=0
W181207 02:44:01.159121 282 server/status/runtime.go:182  [n1] unable to get file descriptor usage (will not try again): not implemented on windows
I181207 02:44:01.159272 282 server/status/runtime.go:219  [n1] runtime stats: 216 MiB RSS, 160 goroutines, 139 MiB/73 MiB/242 MiB GO alloc/idle/total, 17 MiB/23 MiB CGO alloc/total, 0.00cgo/sec, 0.00/0.00 %(u/s)time, 0.00 %gc (10x)
I181207 02:44:01.160417 278 storage/store.go:4618  [n1,s1] sstables (read amplification = 0):
I181207 02:44:01.160512 278 storage/store.go:4619  [n1,s1] 
** Compaction Stats [default] **
Level    Files   Size     Score Read(GB)  Rn(GB) Rnp1(GB) Write(GB) Wnew(GB) Moved(GB) W-Amp Rd(MB/s) Wr(MB/s) Comp(sec) Comp(cnt) Avg(sec) KeyIn KeyDrop
----------------------------------------------------------------------------------------------------------------------------------------------------------
 Sum      0/0    0.00 KB   0.0      0.0     0.0      0.0       0.0      0.0       0.0   0.0      0.0      0.0         0         0    0.000       0      0
 Int      0/0    0.00 KB   0.0      0.0     0.0      0.0       0.0      0.0       0.0   0.0      0.0      0.0         0         0    0.000       0      0
Uptime(secs): 10.1 total, 10.1 interval
Flush(GB): cumulative 0.000, interval 0.000
AddFile(GB): cumulative 0.000, interval 0.000
AddFile(Total Files): cumulative 0, interval 0
AddFile(L0 Files): cumulative 0, interval 0
AddFile(Keys): cumulative 0, interval 0
Cumulative compaction: 0.00 GB write, 0.00 MB/s write, 0.00 GB read, 0.00 MB/s read, 0.0 seconds
Interval compaction: 0.00 GB write, 0.00 MB/s write, 0.00 GB read, 0.00 MB/s read, 0.0 seconds
Stalls(count): 0 level0_slowdown, 0 level0_slowdown_with_compaction, 0 level0_numfiles, 0 level0_numfiles_with_compaction, 0 stop for pending_compaction_bytes, 0 slowdown for pending_compaction_bytes, 0 memtable_compaction, 0 memtable_slowdown, interval 0 total count

estimated_pending_compaction_bytes: 0 B
I181207 02:44:11.160799 282 server/status/runtime.go:219  [n1] runtime stats: 216 MiB RSS, 160 goroutines, 146 MiB/67 MiB/243 MiB GO alloc/idle/total, 17 MiB/23 MiB CGO alloc/total, 368.74cgo/sec, 0.01/0.01 %(u/s)time, 0.00 %gc (0x)
I181207 02:44:21.158991 282 server/status/runtime.go:219  [n1] runtime stats: 217 MiB RSS, 160 goroutines, 153 MiB/62 MiB/243 MiB GO alloc/idle/total, 16 MiB/23 MiB CGO alloc/total, 194.43cgo/sec, 0.00/0.00 %(u/s)time, 0.00 %gc (0x)
I181207 02:44:21.989764 285 sql/lease.go:352  [n1] publish: descID=3 (descriptor) version=2 mtime=2018-12-07 02:44:21.9896752 +0000 UTC
I181207 02:44:21.999443 285 sql/lease.go:352  [n1] publish: descID=11 (lease) version=2 mtime=2018-12-07 02:44:21.9993778 +0000 UTC
I181207 02:44:22.009162 285 sql/lease.go:352  [n1] publish: descID=6 (settings) version=2 mtime=2018-12-07 02:44:22.009096 +0000 UTC
I181207 02:44:22.019230 285 sql/lease.go:352  [n1] publish: descID=15 (jobs) version=2 mtime=2018-12-07 02:44:22.0191645 +0000 UTC
I181207 02:44:22.029093 285 sql/lease.go:352  [n1] publish: descID=20 (table_statistics) version=2 mtime=2018-12-07 02:44:22.0290202 +0000 UTC
I181207 02:44:22.040069 285 sql/lease.go:352  [n1] publish: descID=14 (ui) version=2 mtime=2018-12-07 02:44:22.0399986 +0000 UTC
I181207 02:44:22.050348 285 sql/lease.go:352  [n1] publish: descID=19 (web_sessions) version=2 mtime=2018-12-07 02:44:22.0502696 +0000 UTC
I181207 02:44:22.060528 285 sql/lease.go:352  [n1] publish: descID=21 (locations) version=2 mtime=2018-12-07 02:44:22.0604625 +0000 UTC
I181207 02:44:22.070567 285 sql/lease.go:352  [n1] publish: descID=12 (eventlog) version=2 mtime=2018-12-07 02:44:22.0704783 +0000 UTC
I181207 02:44:22.080456 285 sql/lease.go:352  [n1] publish: descID=2 (namespace) version=2 mtime=2018-12-07 02:44:22.0803757 +0000 UTC
I181207 02:44:22.090791 285 sql/lease.go:352  [n1] publish: descID=5 (zones) version=2 mtime=2018-12-07 02:44:22.0907237 +0000 UTC
I181207 02:44:22.101135 285 sql/lease.go:352  [n1] publish: descID=13 (rangelog) version=2 mtime=2018-12-07 02:44:22.1010675 +0000 UTC
I181207 02:44:31.159094 282 server/status/runtime.go:219  [n1] runtime stats: 218 MiB RSS, 160 goroutines, 182 MiB/38 MiB/243 MiB GO alloc/idle/total, 17 MiB/23 MiB CGO alloc/total, 1507.68cgo/sec, 0.01/0.01 %(u/s)time, 0.00 %gc (0x)
I181207 02:44:41.159469 282 server/status/runtime.go:219  [n1] runtime stats: 219 MiB RSS, 160 goroutines, 188 MiB/32 MiB/243 MiB GO alloc/idle/total, 17 MiB/24 MiB CGO alloc/total, 208.89cgo/sec, 0.00/0.00 %(u/s)time, 0.00 %gc (0x)
I181207 02:44:51.159597 282 server/status/runtime.go:219  [n1] runtime stats: 219 MiB RSS, 161 goroutines, 194 MiB/27 MiB/243 MiB GO alloc/idle/total, 17 MiB/24 MiB CGO alloc/total, 200.50cgo/sec, 0.00/0.00 %(u/s)time, 0.00 %gc (0x)
I181207 02:44:51.160589 279 gossip/gossip.go:488  [n1] gossip status (ok, 1 node)
gossip client (0/3 cur/max conns)
gossip server (0/3 cur/max conns, infos 0/0 sent/received, bytes 0B/0B sent/received)
I181207 02:45:01.159445 282 server/status/runtime.go:219  [n1] runtime stats: 220 MiB RSS, 160 goroutines, 200 MiB/21 MiB/243 MiB GO alloc/idle/total, 17 MiB/24 MiB CGO alloc/total, 240.10cgo/sec, 0.00/0.00 %(u/s)time, 0.00 %gc (0x)
I181207 02:45:11.160166 282 server/status/runtime.go:219  [n1] runtime stats: 220 MiB RSS, 160 goroutines, 206 MiB/16 MiB/243 MiB GO alloc/idle/total, 17 MiB/24 MiB CGO alloc/total, 201.98cgo/sec, 0.00/0.00 %(u/s)time, 0.00 %gc (0x)
I181207 02:45:21.161050 282 server/status/runtime.go:219  [n1] runtime stats: 220 MiB RSS, 160 goroutines, 212 MiB/10 MiB/243 MiB GO alloc/idle/total, 17 MiB/24 MiB CGO alloc/total, 194.09cgo/sec, 0.00/0.00 %(u/s)time, 0.00 %gc (0x)
I181207 02:45:31.159223 282 server/status/runtime.go:219  [n1] runtime stats: 221 MiB RSS, 160 goroutines, 218 MiB/4.1 MiB/243 MiB GO alloc/idle/total, 17 MiB/24 MiB CGO alloc/total, 220.73cgo/sec, 0.01/0.00 %(u/s)time, 0.00 %gc (0x)
I181207 02:45:41.159269 282 server/status/runtime.go:219  [n1] runtime stats: 223 MiB RSS, 160 goroutines, 223 MiB/568 KiB/245 MiB GO alloc/idle/total, 17 MiB/24 MiB CGO alloc/total, 199.50cgo/sec, 0.00/0.00 %(u/s)time, 0.00 %gc (0x)
I181207 02:45:51.158867 279 gossip/gossip.go:488  [n1] gossip status (ok, 1 node)
gossip client (0/3 cur/max conns)
gossip server (0/3 cur/max conns, infos 0/0 sent/received, bytes 0B/0B sent/received)
I181207 02:45:51.160191 282 server/status/runtime.go:219  [n1] runtime stats: 228 MiB RSS, 161 goroutines, 229 MiB/720 KiB/251 MiB GO alloc/idle/total, 17 MiB/24 MiB CGO alloc/total, 200.68cgo/sec, 0.00/0.00 %(u/s)time, 0.00 %gc (0x)
I181207 02:46:01.160887 282 server/status/runtime.go:219  [n1] runtime stats: 234 MiB RSS, 160 goroutines, 138 MiB/89 MiB/257 MiB GO alloc/idle/total, 17 MiB/24 MiB CGO alloc/total, 236.38cgo/sec, 0.02/0.00 %(u/s)time, 0.00 %gc (1x)
I181207 02:46:11.160060 282 server/status/runtime.go:219  [n1] runtime stats: 234 MiB RSS, 160 goroutines, 145 MiB/83 MiB/257 MiB GO alloc/idle/total, 17 MiB/24 MiB CGO alloc/total, 216.12cgo/sec, 0.00/0.00 %(u/s)time, 0.00 %gc (0x)
I181207 02:46:21.159668 282 server/status/runtime.go:219  [n1] runtime stats: 234 MiB RSS, 160 goroutines, 151 MiB/78 MiB/257 MiB GO alloc/idle/total, 17 MiB/24 MiB CGO alloc/total, 199.91cgo/sec, 0.00/0.00 %(u/s)time, 0.00 %gc (0x)
I181207 02:46:31.159843 282 server/status/runtime.go:219  [n1] runtime stats: 234 MiB RSS, 160 goroutines, 157 MiB/73 MiB/257 MiB GO alloc/idle/total, 17 MiB/24 MiB CGO alloc/total, 212.40cgo/sec, 0.00/0.00 %(u/s)time, 0.00 %gc (0x)
I181207 02:46:41.160740 282 server/status/runtime.go:219  [n1] runtime stats: 235 MiB RSS, 160 goroutines, 163 MiB/68 MiB/257 MiB GO alloc/idle/total, 17 MiB/24 MiB CGO alloc/total, 197.88cgo/sec, 0.00/0.00 %(u/s)time, 0.00 %gc (0x)
I181207 02:46:51.158942 282 server/status/runtime.go:219  [n1] runtime stats: 235 MiB RSS, 161 goroutines, 168 MiB/63 MiB/257 MiB GO alloc/idle/total, 17 MiB/24 MiB CGO alloc/total, 197.23cgo/sec, 0.00/0.00 %(u/s)time, 0.00 %gc (0x)
I181207 02:46:51.159674 279 gossip/gossip.go:488  [n1] gossip status (ok, 1 node)
gossip client (0/3 cur/max conns)
gossip server (0/3 cur/max conns, infos 0/0 sent/received, bytes 0B/0B sent/received)
I181207 02:47:01.160465 282 server/status/runtime.go:219  [n1] runtime stats: 235 MiB RSS, 160 goroutines, 175 MiB/57 MiB/257 MiB GO alloc/idle/total, 17 MiB/24 MiB CGO alloc/total, 253.78cgo/sec, 0.00/0.00 %(u/s)time, 0.00 %gc (0x)
I181207 02:47:11.159397 282 server/status/runtime.go:219  [n1] runtime stats: 236 MiB RSS, 160 goroutines, 181 MiB/51 MiB/257 MiB GO alloc/idle/total, 17 MiB/24 MiB CGO alloc/total, 194.41cgo/sec, 0.00/0.00 %(u/s)time, 0.00 %gc (0x)
I181207 02:47:21.160170 282 server/status/runtime.go:219  [n1] runtime stats: 236 MiB RSS, 160 goroutines, 187 MiB/46 MiB/257 MiB GO alloc/idle/total, 17 MiB/25 MiB CGO alloc/total, 194.49cgo/sec, 0.00/0.00 %(u/s)time, 0.00 %gc (0x)
I181207 02:47:31.159837 282 server/status/runtime.go:219  [n1] runtime stats: 236 MiB RSS, 160 goroutines, 193 MiB/41 MiB/257 MiB GO alloc/idle/total, 17 MiB/24 MiB CGO alloc/total, 209.01cgo/sec, 0.00/0.00 %(u/s)time, 0.00 %gc (0x)
I181207 02:47:41.159131 282 server/status/runtime.go:219  [n1] runtime stats: 236 MiB RSS, 160 goroutines, 198 MiB/35 MiB/257 MiB GO alloc/idle/total, 17 MiB/24 MiB CGO alloc/total, 210.21cgo/sec, 0.00/0.00 %(u/s)time, 0.00 %gc (0x)
I181207 02:47:51.159083 279 gossip/gossip.go:488  [n1] gossip status (ok, 1 node)
gossip client (0/3 cur/max conns)
gossip server (0/3 cur/max conns, infos 0/0 sent/received, bytes 0B/0B sent/received)
I181207 02:47:51.159280 282 server/status/runtime.go:219  [n1] runtime stats: 236 MiB RSS, 159 goroutines, 204 MiB/30 MiB/257 MiB GO alloc/idle/total, 17 MiB/25 MiB CGO alloc/total, 198.00cgo/sec, 0.00/0.00 %(u/s)time, 0.00 %gc (0x)
I181207 02:47:53.011783 1 cli/start.go:655  received signal 'interrupt'
I181207 02:47:53.013116 1 cli/start.go:720  initiating graceful shutdown of server
I181207 02:47:58.014212 1584 cli/start.go:730  0 running tasks
I181207 02:47:58.041351 1583 storage/engine/rocksdb.go:687  closing rocksdb instance at "D:\\ECS-Game-Server\\DBStore\\cockroach-temp932720811"
I181207 02:47:58.044374 1583 storage/engine/rocksdb.go:687  closing rocksdb instance at "D:\\ECS-Game-Server\\DBStore"
I181207 02:47:58.055665 1 cli/start.go:774  server drained and shutdown completed
I181207 02:47:58.057250 1 cli/error.go:112  interrupted
Error: interrupted
